#
# An unexpected error has been detected by Java Runtime Environment:
#
#  EXCEPTION_FLT_STACK_CHECK (0xc0000092) at pc=0x00ebcea9, pid=2668, tid=2160
#
# Java VM: Java HotSpot(TM) Client VM (1.6.0_02-b06 mixed mode)
# Problematic frame:
# v  ~RuntimeStub::resolve_opt_virtual_call
#
# If you would like to submit a bug report, please visit:
#   http://java.sun.com/webapps/bugreport/crash.jsp
#

---------------  T H R E A D  ---------------

Current thread (0x008e6c00):  JavaThread "main" [_thread_in_Java, id=2160]

siginfo: ExceptionCode=0xc0000092, ExceptionInformation=0x00000000 0x0012f384 

Registers:
EAX=0x12f6aea8, EBX=0x12f6aea8, ECX=0x02f8fa90, EDX=0x00000011
ESP=0x0012f318, EBP=0x0012f428, ESI=0x02f8fa90, EDI=0x00000010
EIP=0x00ebcea9, EFLAGS=0x00010216

Top of Stack: (sp=0x0012f318)
0x0012f318:   ffff1372 ffff0022 ffffffff 6da35df7
0x0012f328:   011c001b 0012f490 ffff0023 00000000
0x0012f338:   00000000 00000000 00000000 00000000
0x0012f348:   00000000 00000000 00000000 00000000
0x0012f358:   00000000 00000000 00000000 00000000
0x0012f368:   2c000000 4005c801 00000000 c0000000
0x0012f378:   00004002 00000000 00000000 00000007
0x0012f388:   17970000 008e0000 17970708 00000000 

Instructions: (pc=0x00ebcea9)
0x00ebce99:   00 00 83 ec 6c dd 34 24 9b dd 24 24 dd 5c 24 6c
0x00ebcea9:   dd 5c 24 74 dd 5c 24 7c dd 9c 24 84 00 00 00 dd 


Stack: [0x00030000,0x00130000),  sp=0x0012f318,  free space=1020k
Native frames: (J=compiled Java code, j=interpreted, Vv=VM code, C=native code)
v  ~RuntimeStub::resolve_opt_virtual_call
J  java.lang.AbstractStringBuilder.append(C)Ljava/lang/AbstractStringBuilder;
j  java.lang.StringBuilder.append(C)Ljava/lang/StringBuilder;+2
j  sun.net.www.ParseUtil.decode(Ljava/lang/String;)Ljava/lang/String;+182
j  sun.net.www.protocol.file.Handler.openConnection(Ljava/net/URL;Ljava/net/Proxy;)Ljava/net/URLConnection;+14
j  sun.net.www.protocol.file.Handler.openConnection(Ljava/net/URL;)Ljava/net/URLConnection;+3
j  java.net.URL.openConnection()Ljava/net/URLConnection;+5
j  java.net.URLClassLoader.getPermissions(Ljava/security/CodeSource;)Ljava/security/PermissionCollection;+12
j  sun.misc.Launcher$AppClassLoader.getPermissions(Ljava/security/CodeSource;)Ljava/security/PermissionCollection;+2
j  java.security.SecureClassLoader.getProtectionDomain(Ljava/security/CodeSource;)Ljava/security/ProtectionDomain;+33
j  java.security.SecureClassLoader.defineClass(Ljava/lang/String;[BIILjava/security/CodeSource;)Ljava/lang/Class;+24
j  java.net.URLClassLoader.defineClass(Ljava/lang/String;Lsun/misc/Resource;)Ljava/lang/Class;+253
j  java.net.URLClassLoader.access$000(Ljava/net/URLClassLoader;Ljava/lang/String;Lsun/misc/Resource;)Ljava/lang/Class;+3
j  java.net.URLClassLoader$1.run()Ljava/lang/Object;+43
v  ~StubRoutines::call_stub


---------------  P R O C E S S  ---------------

Java Threads: ( => current thread )
  0x170fd800 JavaThread "Low Memory Detector" daemon [_thread_blocked, id=1772]
  0x170f8c00 JavaThread "CompilerThread0" daemon [_thread_blocked, id=976]
  0x170f7800 JavaThread "Attach Listener" daemon [_thread_blocked, id=3992]
  0x170f6c00 JavaThread "Signal Dispatcher" daemon [_thread_blocked, id=3392]
  0x170e7800 JavaThread "Finalizer" daemon [_thread_blocked, id=632]
  0x170e3000 JavaThread "Reference Handler" daemon [_thread_blocked, id=1188]
=>0x008e6c00 JavaThread "main" [_thread_in_Java, id=2160]

Other Threads:
  0x170e0000 VMThread [id=2736]
  0x17108000 WatcherThread [id=944]

VM state:not at safepoint (normal execution)

VM Mutex/Monitor currently owned by a thread: None

Heap
 def new generation   total 4544K, used 586K [0x02f10000, 0x033f0000, 0x042c0000)
  eden
[error occurred during error reporting, step 190, id 0xc0000092]

Dynamic libraries:
0x00400000 - 0x0041c000 	C:\work\work\MyC++\JNI\StartVM\LaunchService.exe
0x7c900000 - 0x7c9af000 	C:\WINDOWS\system32\ntdll.dll
0x7c800000 - 0x7c8f6000 	C:\WINDOWS\system32\kernel32.dll
0x77dd0000 - 0x77e6b000 	C:\WINDOWS\system32\ADVAPI32.dll
0x77e70000 - 0x77f02000 	C:\WINDOWS\system32\RPCRT4.dll
0x77fe0000 - 0x77ff1000 	C:\WINDOWS\system32\Secur32.dll
0x6d870000 - 0x6dab9000 	c:\tools\jdk1.6.0_02\jre\bin\client\jvm.dll
0x7e410000 - 0x7e4a1000 	C:\WINDOWS\system32\USER32.dll
0x77f10000 - 0x77f59000 	C:\WINDOWS\system32\GDI32.dll
0x76b40000 - 0x76b6d000 	C:\WINDOWS\system32\WINMM.dll
0x7c360000 - 0x7c3b6000 	C:\WINDOWS\system32\MSVCR71.dll
0x76390000 - 0x763ad000 	C:\WINDOWS\system32\IMM32.DLL
0x636e0000 - 0x63708000 	C:\Program Files\Spyware Doctor\smumhook.dll
0x77120000 - 0x771ab000 	C:\WINDOWS\system32\oleaut32.dll
0x77c10000 - 0x77c68000 	C:\WINDOWS\system32\msvcrt.dll
0x774e0000 - 0x7761d000 	C:\WINDOWS\system32\ole32.dll
0x6d3c0000 - 0x6d3c8000 	c:\tools\jdk1.6.0_02\jre\bin\hpi.dll
0x76bf0000 - 0x76bfb000 	C:\WINDOWS\system32\PSAPI.DLL
0x6d820000 - 0x6d82c000 	c:\tools\jdk1.6.0_02\jre\bin\verify.dll
0x6d460000 - 0x6d47f000 	c:\tools\jdk1.6.0_02\jre\bin\java.dll
0x6d860000 - 0x6d86f000 	c:\tools\jdk1.6.0_02\jre\bin\zip.dll

VM Arguments:
jvm_args: -Xms64m -Xmx256m -DFusionVMKey=TRUE
java_command: <unknown>
Launcher Type: generic

Environment Variables:
JAVA_HOME=c:\tools\jdk1.6.0_02
PATH=C:\WINDOWS\system32;C:\WINDOWS;C:\WINDOWS\System32\Wbem;C:\Program Files\Intel\Wireless\Bin\;C:\Program Files\Diskeeper Corporation\Diskeeper\;C:\Program Files\ThinkPad\ConnectUtilities;C:\Program Files\Common Files\Lenovo;C:\Program Files\Lenovo\Client Security Solution;c:\Program Files\Microsoft SQL Server\90\Tools\binn\;C:\Program Files\Starbase\StarGate SDK\Lib;c:\jasond\utils;c:\jasond\batch;c:\tools\jdk1.6.0_02\bin;c:\tools\ant\bin;c:\tools\bc5\bin;c:\tools\jdk1.6.0_02\jre\bin;c:\tools\SlickEdit 2007\win;;C:\Program Files\Intel\Wireless\Bin\;C:\Program Files\Intel\Wireless\Bin\;c:\tools\jdk1.6.0_02\jre\bin\client;C:\jet6.4-eval\bin;C:\Program Files\Astaro\Astaro SSL VPN Client\bin
USERNAME=jdouglas
OS=Windows_NT
PROCESSOR_IDENTIFIER=x86 Family 6 Model 15 Stepping 13, GenuineIntel



---------------  S Y S T E M  ---------------

OS: Windows XP Build 2600 Service Pack 3

CPU:total 2 (2 cores per cpu, 1 threads per core) family 6 model 15 stepping 13, cmov, cx8, fxsr, mmx, sse, sse2, sse3, ssse3

Memory: 4k page, physical 2097151k(2097151k free), swap 4194303k(3663704k free)

vm_info: Java HotSpot(TM) Client VM (1.6.0_02-b06) for windows-x86, built on Jul 12 2007 01:16:14 by "java_re" with unknown MS VC++:1310

